Classic Timing Analyzer report for lut
Sun Oct 20 01:30:45 2019
Quartus II Version 9.0 Build 132 02/25/2009 SJ Full Version


---------------------
; Table of Contents ;
---------------------
  1. Legal Notice
  2. Timing Analyzer Summary
  3. Timing Analyzer Settings
  4. Parallel Compilation
  5. tpd
  6. Timing Analyzer Messages



----------------
; Legal Notice ;
----------------
Copyright (C) 1991-2009 Altera Corporation
Your use of Altera Corporation's design tools, logic functions 
and other software and tools, and its AMPP partner logic 
functions, and any output files from any of the foregoing 
(including device programming or simulation files), and any 
associated documentation or information are expressly subject 
to the terms and conditions of the Altera Program License 
Subscription Agreement, Altera MegaCore Function License 
Agreement, or other applicable license agreement, including, 
without limitation, that your use is for the sole purpose of 
programming logic devices manufactured by Altera and sold by 
Altera or its authorized distributors.  Please refer to the 
applicable agreement for further details.



+--------------------------------------------------------------------------------------------------------------------------+
; Timing Analyzer Summary                                                                                                  ;
+------------------------------+-------+---------------+-------------+-------+------+------------+----------+--------------+
; Type                         ; Slack ; Required Time ; Actual Time ; From  ; To   ; From Clock ; To Clock ; Failed Paths ;
+------------------------------+-------+---------------+-------------+-------+------+------------+----------+--------------+
; Worst-case tpd               ; N/A   ; None          ; 10.644 ns   ; s2[3] ; o[0] ; --         ; --       ; 0            ;
; Total number of failed paths ;       ;               ;             ;       ;      ;            ;          ; 0            ;
+------------------------------+-------+---------------+-------------+-------+------+------------+----------+--------------+


+--------------------------------------------------------------------------------------------------------------------+
; Timing Analyzer Settings                                                                                           ;
+---------------------------------------------------------------------+--------------------+------+----+-------------+
; Option                                                              ; Setting            ; From ; To ; Entity Name ;
+---------------------------------------------------------------------+--------------------+------+----+-------------+
; Device Name                                                         ; EP2S30F484C3       ;      ;    ;             ;
; Timing Models                                                       ; Final              ;      ;    ;             ;
; Default hold multicycle                                             ; Same as Multicycle ;      ;    ;             ;
; Cut paths between unrelated clock domains                           ; On                 ;      ;    ;             ;
; Cut off read during write signal paths                              ; On                 ;      ;    ;             ;
; Cut off feedback from I/O pins                                      ; On                 ;      ;    ;             ;
; Report Combined Fast/Slow Timing                                    ; Off                ;      ;    ;             ;
; Ignore Clock Settings                                               ; Off                ;      ;    ;             ;
; Analyze latches as synchronous elements                             ; On                 ;      ;    ;             ;
; Enable Recovery/Removal analysis                                    ; Off                ;      ;    ;             ;
; Enable Clock Latency                                                ; Off                ;      ;    ;             ;
; Use TimeQuest Timing Analyzer                                       ; Off                ;      ;    ;             ;
; Minimum Core Junction Temperature                                   ; 0                  ;      ;    ;             ;
; Maximum Core Junction Temperature                                   ; 85                 ;      ;    ;             ;
; Number of source nodes to report per destination node               ; 10                 ;      ;    ;             ;
; Number of destination nodes to report                               ; 10                 ;      ;    ;             ;
; Number of paths to report                                           ; 200                ;      ;    ;             ;
; Report Minimum Timing Checks                                        ; Off                ;      ;    ;             ;
; Use Fast Timing Models                                              ; Off                ;      ;    ;             ;
; Report IO Paths Separately                                          ; Off                ;      ;    ;             ;
; Perform Multicorner Analysis                                        ; On                 ;      ;    ;             ;
; Reports the worst-case path for each clock domain and analysis      ; Off                ;      ;    ;             ;
; Removes common clock path pessimism (CCPP) during slack computation ; Off                ;      ;    ;             ;
; Output I/O Timing Endpoint                                          ; Near End           ;      ;    ;             ;
+---------------------------------------------------------------------+--------------------+------+----+-------------+


+------------------------------------------+
; Parallel Compilation                     ;
+----------------------------+-------------+
; Processors                 ; Number      ;
+----------------------------+-------------+
; Number detected on machine ; 4           ;
; Maximum allowed            ; 4           ;
;                            ;             ;
; Average used               ; 1.00        ;
; Maximum used               ; 1           ;
;                            ;             ;
; Usage by Processor         ; % Time Used ;
;     1 processor            ; 100.0%      ;
;     2-4 processors         ;   0.0%      ;
+----------------------------+-------------+


+------------------------------------------------------------+
; tpd                                                        ;
+-------+-------------------+-----------------+-------+------+
; Slack ; Required P2P Time ; Actual P2P Time ; From  ; To   ;
+-------+-------------------+-----------------+-------+------+
; N/A   ; None              ; 10.644 ns       ; s2[3] ; o[0] ;
; N/A   ; None              ; 10.600 ns       ; s1[2] ; o[6] ;
; N/A   ; None              ; 10.554 ns       ; s2[0] ; o[0] ;
; N/A   ; None              ; 10.534 ns       ; s2[2] ; o[0] ;
; N/A   ; None              ; 10.521 ns       ; s1[3] ; o[6] ;
; N/A   ; None              ; 10.219 ns       ; s1[0] ; o[6] ;
; N/A   ; None              ; 10.164 ns       ; s1[1] ; o[6] ;
; N/A   ; None              ; 10.031 ns       ; s2[1] ; o[0] ;
; N/A   ; None              ; 9.415 ns        ; s1[2] ; o[7] ;
; N/A   ; None              ; 9.382 ns        ; s1[2] ; o[4] ;
; N/A   ; None              ; 9.357 ns        ; s2[3] ; o[2] ;
; N/A   ; None              ; 9.334 ns        ; s1[3] ; o[7] ;
; N/A   ; None              ; 9.301 ns        ; s1[3] ; o[4] ;
; N/A   ; None              ; 9.267 ns        ; s2[0] ; o[2] ;
; N/A   ; None              ; 9.162 ns        ; s2[3] ; o[1] ;
; N/A   ; None              ; 9.116 ns        ; s2[2] ; o[2] ;
; N/A   ; None              ; 9.071 ns        ; s2[0] ; o[1] ;
; N/A   ; None              ; 9.051 ns        ; s2[2] ; o[1] ;
; N/A   ; None              ; 9.034 ns        ; s1[0] ; o[4] ;
; N/A   ; None              ; 9.033 ns        ; s1[0] ; o[7] ;
; N/A   ; None              ; 9.000 ns        ; s1[3] ; o[5] ;
; N/A   ; None              ; 8.978 ns        ; s1[1] ; o[7] ;
; N/A   ; None              ; 8.946 ns        ; s1[1] ; o[4] ;
; N/A   ; None              ; 8.921 ns        ; s1[2] ; o[5] ;
; N/A   ; None              ; 8.712 ns        ; s2[1] ; o[2] ;
; N/A   ; None              ; 8.698 ns        ; s1[0] ; o[5] ;
; N/A   ; None              ; 8.644 ns        ; s1[1] ; o[5] ;
; N/A   ; None              ; 8.516 ns        ; s2[1] ; o[1] ;
; N/A   ; None              ; 8.351 ns        ; s2[3] ; o[3] ;
; N/A   ; None              ; 8.260 ns        ; s2[0] ; o[3] ;
; N/A   ; None              ; 8.240 ns        ; s2[2] ; o[3] ;
; N/A   ; None              ; 7.704 ns        ; s2[1] ; o[3] ;
+-------+-------------------+-----------------+-------+------+


+--------------------------+
; Timing Analyzer Messages ;
+--------------------------+
Info: *******************************************************************
Info: Running Quartus II Classic Timing Analyzer
    Info: Version 9.0 Build 132 02/25/2009 SJ Full Version
    Info: Processing started: Sun Oct 20 01:30:45 2019
Info: Command: quartus_tan --read_settings_files=off --write_settings_files=off lut -c lut --timing_analysis_only
Info: Parallel compilation is enabled and will use 4 of the 4 processors detected
Info: Longest tpd from source pin "s2[3]" to destination pin "o[0]" is 10.644 ns
    Info: 1: + IC(0.000 ns) + CELL(0.820 ns) = 0.820 ns; Loc. = PIN_W3; Fanout = 4; PIN Node = 's2[3]'
    Info: 2: + IC(4.604 ns) + CELL(0.053 ns) = 5.477 ns; Loc. = LCCOMB_X21_Y1_N2; Fanout = 1; COMB Node = 'Mux7~0'
    Info: 3: + IC(3.195 ns) + CELL(1.972 ns) = 10.644 ns; Loc. = PIN_B15; Fanout = 0; PIN Node = 'o[0]'
    Info: Total cell delay = 2.845 ns ( 26.73 % )
    Info: Total interconnect delay = 7.799 ns ( 73.27 % )
Info: Quartus II Classic Timing Analyzer was successful. 0 errors, 0 warnings
    Info: Peak virtual memory: 190 megabytes
    Info: Processing ended: Sun Oct 20 01:30:45 2019
    Info: Elapsed time: 00:00:00
    Info: Total CPU time (on all processors): 00:00:00


